<?xml version="1.0" encoding="UTF-8"?>
<!-- Generated by org.testng.reporters.JUnitReportReporter -->
<testsuite hostname="MLBMYS-20242" name="test.NewTest" tests="1" failures="0" timestamp="7 Sep 2016 12:50:46 GMT" time="7.979" errors="0">
  <testcase name="checkTest" time="7.979" classname="test.NewTest"/>
</testsuite> <!-- test.NewTest -->
