<?xml version="1.0" encoding="UTF-8"?>
<!-- Generated by org.testng.reporters.JUnitReportReporter -->
<testsuite hostname="MLBMYS-20242" name="test.NewTest" tests="1" failures="0" timestamp="7 Sep 2016 11:20:27 GMT" time="4.981" errors="0">
  <testcase name="checkTest" time="4.981" classname="test.NewTest"/>
</testsuite> <!-- test.NewTest -->
