<?xml version="1.0" encoding="UTF-8"?>
<!-- Generated by org.testng.reporters.JUnitReportReporter -->
<testsuite hostname="MLBMYS-20242" name="test.NewTest" tests="1" failures="0" timestamp="8 Sep 2016 08:46:33 GMT" time="3.059" errors="0">
  <testcase name="checkIETest" time="3.059" classname="test.NewTest"/>
</testsuite> <!-- test.NewTest -->
