<?xml version="1.0" encoding="UTF-8"?>
<!-- Generated by org.testng.reporters.JUnitReportReporter -->
<testsuite hostname="MLBMYS-20242" name="test.NewTest" tests="1" failures="0" timestamp="7 Sep 2016 13:33:08 GMT" time="5.709" errors="0">
  <testcase name="checkTest" time="5.709" classname="test.NewTest"/>
</testsuite> <!-- test.NewTest -->
